app/build/intermediates/manifest_merge_blame_file/debug/manifest-merger-blame-debug-report.txt
1<?xml version="1.0" encoding="utf-8"?>
2<manifest xmlns:android="http://schemas.android.com/apk/res/android"
3    package="com.example.memoryroadapp"
4    android:versionCode="1"
5    android:versionName="1.0" >
6
7    <uses-sdk
8        android:minSdkVersion="23"
8-->src\main\AndroidManifest.xml
9        android:targetSdkVersion="29" />
9-->src\main\AndroidManifest.xml
10
11    <!--
12         The ACCESS_COARSE/FINE_LOCATION permissions are not required to use
13         Google Maps Android API v2, but you must specify either coarse or fine
14         location permissions for the "MyLocation" functionality.
15    -->
16    <uses-permission android:name="android.permission.ACCESS_FINE_LOCATION" />
16-->src\main\AndroidManifest.xml:10:5-79
16-->src\main\AndroidManifest.xml:10:22-76
17    <uses-permission android:name="android.permission.CAMERA" />
17-->src\main\AndroidManifest.xml:11:5-65
17-->src\main\AndroidManifest.xml:11:22-62
18    <uses-permission android:name="android.permission.WRITE_EXTERNAL_STORAGE" />
18-->src\main\AndroidManifest.xml:12:5-80
18-->src\main\AndroidManifest.xml:12:22-78
19    <uses-permission android:name="android.permission.READ_EXTERNAL_STORAGE" />
19-->src\main\AndroidManifest.xml:13:5-79
19-->src\main\AndroidManifest.xml:13:22-77
20    <uses-permission android:name="android.permission.ACCESS_FINE_LOCATION" />
20-->src\main\AndroidManifest.xml:10:5-79
20-->src\main\AndroidManifest.xml:10:22-76
21    <uses-permission android:name="android.permission.ACCESS_BACKGROUND_LOCATION" />
21-->src\main\AndroidManifest.xml:15:5-84
21-->src\main\AndroidManifest.xml:15:22-82
22
23    <uses-feature
23-->src\main\AndroidManifest.xml:17:5-18:36
24        android:name="android.hardware.camera"
24-->src\main\AndroidManifest.xml:17:19-57
25        android:required="false" />
25-->src\main\AndroidManifest.xml:18:9-33
26
27    <uses-permission android:name="android.permission.INTERNET" />
27-->[com.firebaseui:firebase-ui-firestore:6.3.0] AndroidManifest.xml:11:5-67
27-->[com.firebaseui:firebase-ui-firestore:6.3.0] AndroidManifest.xml:11:22-64
28    <uses-permission android:name="android.permission.ACCESS_NETWORK_STATE" />
28-->[com.google.firebase:firebase-auth:20.0.0] AndroidManifest.xml:24:5-79
28-->[com.google.firebase:firebase-auth:20.0.0] AndroidManifest.xml:24:22-76
29
30    <uses-feature
30-->[com.google.android.gms:play-services-maps:17.0.0] AndroidManifest.xml:26:5-28:35
31        android:glEsVersion="0x00020000"
31-->[com.google.android.gms:play-services-maps:17.0.0] AndroidManifest.xml:27:9-41
32        android:required="true" />
32-->[com.google.android.gms:play-services-maps:17.0.0] AndroidManifest.xml:28:9-32
33
34    <application
34-->src\main\AndroidManifest.xml:20:5-54:19
35        android:allowBackup="true"
35-->src\main\AndroidManifest.xml:21:9-35
36        android:appComponentFactory="androidx.core.app.CoreComponentFactory"
36-->[androidx.core:core:1.3.1] AndroidManifest.xml:24:18-86
37        android:debuggable="true"
38        android:extractNativeLibs="false"
39        android:icon="@mipmap/ic_launcher"
39-->src\main\AndroidManifest.xml:22:9-43
40        android:label="@string/app_name"
40-->src\main\AndroidManifest.xml:23:9-41
41        android:roundIcon="@mipmap/ic_launcher_round"
41-->src\main\AndroidManifest.xml:24:9-54
42        android:supportsRtl="true"
42-->src\main\AndroidManifest.xml:25:9-35
43        android:testOnly="true"
44        android:theme="@style/AppTheme" >
44-->src\main\AndroidManifest.xml:26:9-40
45
46        <!--
47             The API key for Google Maps-based APIs is defined as a string resource.
48             (See the file "res/values/google_maps_api.xml").
49             Note that the API key is linked to the encryption key used to sign the APK.
50             You need a different API key for each encryption key, including the release key that is used to
51             sign the APK for publishing.
52             You can define the keys for the debug and release targets in src/debug/ and src/release/.
53        -->
54        <meta-data
54-->src\main\AndroidManifest.xml:36:9-38:55
55            android:name="com.google.android.maps.v2.API_KEY"
55-->src\main\AndroidManifest.xml:37:13-62
56            android:value="@string/google_maps_key" />
56-->src\main\AndroidManifest.xml:38:13-52
57
58        <activity
58-->src\main\AndroidManifest.xml:40:9-42:68
59            android:name="com.example.memoryroadapp.ui.MapsActivity"
59-->src\main\AndroidManifest.xml:41:13-44
60            android:label="@string/title_activity_maps" />
60-->src\main\AndroidManifest.xml:42:13-56
61        <activity android:name="com.example.memoryroadapp.ui.LocationInfoActivity" />
61-->src\main\AndroidManifest.xml:43:9-61
61-->src\main\AndroidManifest.xml:43:19-58
62        <activity android:name="com.example.memoryroadapp.ui.AddEditLocationActivity" />
62-->src\main\AndroidManifest.xml:44:9-64
62-->src\main\AndroidManifest.xml:44:19-61
63        <activity android:name="com.example.memoryroadapp.ui.SignUpActivity" />
63-->src\main\AndroidManifest.xml:45:9-55
63-->src\main\AndroidManifest.xml:45:19-52
64        <activity android:name="com.example.memoryroadapp.ui.AuthActivity" >
64-->src\main\AndroidManifest.xml:46:9-52:20
64-->src\main\AndroidManifest.xml:46:19-50
65            <intent-filter>
65-->src\main\AndroidManifest.xml:47:13-51:29
66                <action android:name="android.intent.action.MAIN" />
66-->src\main\AndroidManifest.xml:48:17-69
66-->src\main\AndroidManifest.xml:48:25-66
67
68                <category android:name="android.intent.category.LAUNCHER" />
68-->src\main\AndroidManifest.xml:50:17-77
68-->src\main\AndroidManifest.xml:50:27-74
69            </intent-filter>
70        </activity>
71        <activity android:name="com.example.memoryroadapp.ui.MainActivity" />
71-->src\main\AndroidManifest.xml:53:9-53
71-->src\main\AndroidManifest.xml:53:19-50
72
73        <service
73-->[com.google.firebase:firebase-storage-ktx:19.2.0] AndroidManifest.xml:12:9-18:19
74            android:name="com.google.firebase.components.ComponentDiscoveryService"
74-->[com.google.firebase:firebase-storage-ktx:19.2.0] AndroidManifest.xml:13:13-84
75            android:directBootAware="true"
75-->[com.google.firebase:firebase-common:19.3.1] AndroidManifest.xml:35:13-43
76            android:exported="false" >
76-->[com.google.firebase:firebase-storage-ktx:19.2.0] AndroidManifest.xml:14:13-37
77            <meta-data
77-->[com.google.firebase:firebase-storage-ktx:19.2.0] AndroidManifest.xml:15:13-17:85
78                android:name="com.google.firebase.components:com.google.firebase.storage.ktx.FirebaseStorageKtxRegistrar"
78-->[com.google.firebase:firebase-storage-ktx:19.2.0] AndroidManifest.xml:16:17-122
79                android:value="com.google.firebase.components.ComponentRegistrar" />
79-->[com.google.firebase:firebase-storage-ktx:19.2.0] AndroidManifest.xml:17:17-82
80            <meta-data
80-->[com.google.firebase:firebase-firestore-ktx:22.0.0] AndroidManifest.xml:15:13-17:85
81                android:name="com.google.firebase.components:com.google.firebase.firestore.ktx.FirebaseFirestoreKtxRegistrar"
81-->[com.google.firebase:firebase-firestore-ktx:22.0.0] AndroidManifest.xml:16:17-126
82                android:value="com.google.firebase.components.ComponentRegistrar" />
82-->[com.google.firebase:firebase-firestore-ktx:22.0.0] AndroidManifest.xml:17:17-82
83            <meta-data
83-->[com.google.firebase:firebase-auth-ktx:20.0.0] AndroidManifest.xml:11:13-13:85
84                android:name="com.google.firebase.components:com.google.firebase.auth.ktx.FirebaseAuthKtxRegistrar"
84-->[com.google.firebase:firebase-auth-ktx:20.0.0] AndroidManifest.xml:12:17-116
85                android:value="com.google.firebase.components.ComponentRegistrar" />
85-->[com.google.firebase:firebase-auth-ktx:20.0.0] AndroidManifest.xml:13:17-82
86            <meta-data
86-->[com.google.firebase:firebase-common-ktx:19.3.1] AndroidManifest.xml:15:13-17:85
87                android:name="com.google.firebase.components:com.google.firebase.ktx.FirebaseCommonKtxRegistrar"
87-->[com.google.firebase:firebase-common-ktx:19.3.1] AndroidManifest.xml:16:17-113
88                android:value="com.google.firebase.components.ComponentRegistrar" />
88-->[com.google.firebase:firebase-common-ktx:19.3.1] AndroidManifest.xml:17:17-82
89            <meta-data
89-->[com.google.firebase:firebase-auth:20.0.0] AndroidManifest.xml:85:13-87:85
90                android:name="com.google.firebase.components:com.google.firebase.auth.FirebaseAuthRegistrar"
90-->[com.google.firebase:firebase-auth:20.0.0] AndroidManifest.xml:86:17-109
91                android:value="com.google.firebase.components.ComponentRegistrar" />
91-->[com.google.firebase:firebase-auth:20.0.0] AndroidManifest.xml:87:17-82
92            <meta-data
92-->[com.google.firebase:firebase-firestore:22.0.0] AndroidManifest.xml:20:13-22:85
93                android:name="com.google.firebase.components:com.google.firebase.firestore.FirestoreRegistrar"
93-->[com.google.firebase:firebase-firestore:22.0.0] AndroidManifest.xml:21:17-111
94                android:value="com.google.firebase.components.ComponentRegistrar" />
94-->[com.google.firebase:firebase-firestore:22.0.0] AndroidManifest.xml:22:17-82
95            <meta-data
95-->[com.google.firebase:firebase-storage:19.2.0] AndroidManifest.xml:33:13-35:85
96                android:name="com.google.firebase.components:com.google.firebase.storage.StorageRegistrar"
96-->[com.google.firebase:firebase-storage:19.2.0] AndroidManifest.xml:34:17-107
97                android:value="com.google.firebase.components.ComponentRegistrar" />
97-->[com.google.firebase:firebase-storage:19.2.0] AndroidManifest.xml:35:17-82
98        </service>
99
100        <activity
100-->[com.google.firebase:firebase-auth:20.0.0] AndroidManifest.xml:27:9-34:50
101            android:name="com.google.firebase.auth.internal.FederatedSignInActivity"
101-->[com.google.firebase:firebase-auth:20.0.0] AndroidManifest.xml:28:13-85
102            android:excludeFromRecents="true"
102-->[com.google.firebase:firebase-auth:20.0.0] AndroidManifest.xml:29:13-46
103            android:exported="true"
103-->[com.google.firebase:firebase-auth:20.0.0] AndroidManifest.xml:30:13-36
104            android:launchMode="singleTask"
104-->[com.google.firebase:firebase-auth:20.0.0] AndroidManifest.xml:31:13-44
105            android:permission="com.google.firebase.auth.api.gms.permission.LAUNCH_FEDERATED_SIGN_IN"
105-->[com.google.firebase:firebase-auth:20.0.0] AndroidManifest.xml:32:13-102
106            android:theme="@android:style/Theme.Translucent.NoTitleBar" />
106-->[com.google.firebase:firebase-auth:20.0.0] AndroidManifest.xml:33:13-72
107        <activity
107-->[com.google.firebase:firebase-auth:20.0.0] AndroidManifest.xml:35:9-52:20
108            android:name="com.google.firebase.auth.internal.GenericIdpActivity"
108-->[com.google.firebase:firebase-auth:20.0.0] AndroidManifest.xml:36:13-80
109            android:excludeFromRecents="true"
109-->[com.google.firebase:firebase-auth:20.0.0] AndroidManifest.xml:37:13-46
110            android:exported="true"
110-->[com.google.firebase:firebase-auth:20.0.0] AndroidManifest.xml:38:13-36
111            android:launchMode="singleTask"
111-->[com.google.firebase:firebase-auth:20.0.0] AndroidManifest.xml:39:13-44
112            android:theme="@android:style/Theme.Translucent.NoTitleBar" >
112-->[com.google.firebase:firebase-auth:20.0.0] AndroidManifest.xml:40:13-72
113            <intent-filter>
113-->[com.google.firebase:firebase-auth:20.0.0] AndroidManifest.xml:41:13-51:29
114                <action android:name="android.intent.action.VIEW" />
114-->[com.google.firebase:firebase-auth:20.0.0] AndroidManifest.xml:42:17-69
114-->[com.google.firebase:firebase-auth:20.0.0] AndroidManifest.xml:42:25-66
115
116                <category android:name="android.intent.category.DEFAULT" />
116-->[com.google.firebase:firebase-auth:20.0.0] AndroidManifest.xml:44:17-76
116-->[com.google.firebase:firebase-auth:20.0.0] AndroidManifest.xml:44:27-73
117                <category android:name="android.intent.category.BROWSABLE" />
117-->[com.google.firebase:firebase-auth:20.0.0] AndroidManifest.xml:45:17-78
117-->[com.google.firebase:firebase-auth:20.0.0] AndroidManifest.xml:45:27-75
118
119                <data
119-->[com.google.firebase:firebase-auth:20.0.0] AndroidManifest.xml:47:17-50:51
120                    android:host="firebase.auth"
120-->[com.google.firebase:firebase-auth:20.0.0] AndroidManifest.xml:48:21-49
121                    android:path="/"
121-->[com.google.firebase:firebase-auth:20.0.0] AndroidManifest.xml:49:21-37
122                    android:scheme="genericidp" />
122-->[com.google.firebase:firebase-auth:20.0.0] AndroidManifest.xml:50:21-48
123            </intent-filter>
124        </activity>
125        <activity
125-->[com.google.firebase:firebase-auth:20.0.0] AndroidManifest.xml:53:9-70:20
126            android:name="com.google.firebase.auth.internal.RecaptchaActivity"
126-->[com.google.firebase:firebase-auth:20.0.0] AndroidManifest.xml:54:13-79
127            android:excludeFromRecents="true"
127-->[com.google.firebase:firebase-auth:20.0.0] AndroidManifest.xml:55:13-46
128            android:exported="true"
128-->[com.google.firebase:firebase-auth:20.0.0] AndroidManifest.xml:56:13-36
129            android:launchMode="singleTask"
129-->[com.google.firebase:firebase-auth:20.0.0] AndroidManifest.xml:57:13-44
130            android:theme="@android:style/Theme.Translucent.NoTitleBar" >
130-->[com.google.firebase:firebase-auth:20.0.0] AndroidManifest.xml:58:13-72
131            <intent-filter>
131-->[com.google.firebase:firebase-auth:20.0.0] AndroidManifest.xml:59:13-69:29
132                <action android:name="android.intent.action.VIEW" />
132-->[com.google.firebase:firebase-auth:20.0.0] AndroidManifest.xml:42:17-69
132-->[com.google.firebase:firebase-auth:20.0.0] AndroidManifest.xml:42:25-66
133
134                <category android:name="android.intent.category.DEFAULT" />
134-->[com.google.firebase:firebase-auth:20.0.0] AndroidManifest.xml:44:17-76
134-->[com.google.firebase:firebase-auth:20.0.0] AndroidManifest.xml:44:27-73
135                <category android:name="android.intent.category.BROWSABLE" />
135-->[com.google.firebase:firebase-auth:20.0.0] AndroidManifest.xml:45:17-78
135-->[com.google.firebase:firebase-auth:20.0.0] AndroidManifest.xml:45:27-75
136
137                <data
137-->[com.google.firebase:firebase-auth:20.0.0] AndroidManifest.xml:47:17-50:51
138                    android:host="firebase.auth"
138-->[com.google.firebase:firebase-auth:20.0.0] AndroidManifest.xml:48:21-49
139                    android:path="/"
139-->[com.google.firebase:firebase-auth:20.0.0] AndroidManifest.xml:49:21-37
140                    android:scheme="recaptcha" />
140-->[com.google.firebase:firebase-auth:20.0.0] AndroidManifest.xml:50:21-48
141            </intent-filter>
142        </activity>
143
144        <service
144-->[com.google.firebase:firebase-auth:20.0.0] AndroidManifest.xml:72:9-81:19
145            android:name="com.google.firebase.auth.api.fallback.service.FirebaseAuthFallbackService"
145-->[com.google.firebase:firebase-auth:20.0.0] AndroidManifest.xml:73:13-101
146            android:enabled="true"
146-->[com.google.firebase:firebase-auth:20.0.0] AndroidManifest.xml:74:13-35
147            android:exported="false" >
147-->[com.google.firebase:firebase-auth:20.0.0] AndroidManifest.xml:75:13-37
148            <intent-filter>
148-->[com.google.firebase:firebase-auth:20.0.0] AndroidManifest.xml:76:13-80:29
149                <action android:name="com.google.firebase.auth.api.gms.service.START" />
149-->[com.google.firebase:firebase-auth:20.0.0] AndroidManifest.xml:77:17-89
149-->[com.google.firebase:firebase-auth:20.0.0] AndroidManifest.xml:77:25-86
150
151                <category android:name="android.intent.category.DEFAULT" />
151-->[com.google.firebase:firebase-auth:20.0.0] AndroidManifest.xml:44:17-76
151-->[com.google.firebase:firebase-auth:20.0.0] AndroidManifest.xml:44:27-73
152            </intent-filter>
153        </service>
154
155        <activity
155-->[com.google.android.gms:play-services-auth:18.1.0] AndroidManifest.xml:23:9-27:75
156            android:name="com.google.android.gms.auth.api.signin.internal.SignInHubActivity"
156-->[com.google.android.gms:play-services-auth:18.1.0] AndroidManifest.xml:24:13-93
157            android:excludeFromRecents="true"
157-->[com.google.android.gms:play-services-auth:18.1.0] AndroidManifest.xml:25:13-46
158            android:exported="false"
158-->[com.google.android.gms:play-services-auth:18.1.0] AndroidManifest.xml:26:13-37
159            android:theme="@android:style/Theme.Translucent.NoTitleBar" />
159-->[com.google.android.gms:play-services-auth:18.1.0] AndroidManifest.xml:27:13-72
160        <!--
161            Service handling Google Sign-In user revocation. For apps that do not integrate with
162            Google Sign-In, this service will never be started.
163        -->
164        <service
164-->[com.google.android.gms:play-services-auth:18.1.0] AndroidManifest.xml:33:9-37:51
165            android:name="com.google.android.gms.auth.api.signin.RevocationBoundService"
165-->[com.google.android.gms:play-services-auth:18.1.0] AndroidManifest.xml:34:13-89
166            android:exported="true"
166-->[com.google.android.gms:play-services-auth:18.1.0] AndroidManifest.xml:35:13-36
167            android:permission="com.google.android.gms.auth.api.signin.permission.REVOCATION_NOTIFICATION"
167-->[com.google.android.gms:play-services-auth:18.1.0] AndroidManifest.xml:36:13-107
168            android:visibleToInstantApps="true" /> <!-- Needs to be explicitly declared on P+ -->
168-->[com.google.android.gms:play-services-auth:18.1.0] AndroidManifest.xml:37:13-48
169        <uses-library
169-->[com.google.android.gms:play-services-maps:17.0.0] AndroidManifest.xml:33:9-35:40
170            android:name="org.apache.http.legacy"
170-->[com.google.android.gms:play-services-maps:17.0.0] AndroidManifest.xml:34:13-50
171            android:required="false" />
171-->[com.google.android.gms:play-services-maps:17.0.0] AndroidManifest.xml:35:13-37
172
173        <provider
173-->[com.google.firebase:firebase-common:19.3.1] AndroidManifest.xml:26:9-31:39
174            android:name="com.google.firebase.provider.FirebaseInitProvider"
174-->[com.google.firebase:firebase-common:19.3.1] AndroidManifest.xml:27:13-77
175            android:authorities="com.example.memoryroadapp.firebaseinitprovider"
175-->[com.google.firebase:firebase-common:19.3.1] AndroidManifest.xml:28:13-72
176            android:directBootAware="true"
176-->[com.google.firebase:firebase-common:19.3.1] AndroidManifest.xml:29:13-43
177            android:exported="false"
177-->[com.google.firebase:firebase-common:19.3.1] AndroidManifest.xml:30:13-37
178            android:initOrder="100" />
178-->[com.google.firebase:firebase-common:19.3.1] AndroidManifest.xml:31:13-36
179
180        <activity
180-->[com.google.android.gms:play-services-base:17.3.0] AndroidManifest.xml:23:9-26:75
181            android:name="com.google.android.gms.common.api.GoogleApiActivity"
181-->[com.google.android.gms:play-services-base:17.3.0] AndroidManifest.xml:24:13-79
182            android:exported="false"
182-->[com.google.android.gms:play-services-base:17.3.0] AndroidManifest.xml:25:13-37
183            android:theme="@android:style/Theme.Translucent.NoTitleBar" />
183-->[com.google.android.gms:play-services-base:17.3.0] AndroidManifest.xml:26:13-72
184
185        <meta-data
185-->[com.google.android.gms:play-services-basement:17.3.0] AndroidManifest.xml:23:9-25:69
186            android:name="com.google.android.gms.version"
186-->[com.google.android.gms:play-services-basement:17.3.0] AndroidManifest.xml:24:13-58
187            android:value="@integer/google_play_services_version" />
187-->[com.google.android.gms:play-services-basement:17.3.0] AndroidManifest.xml:25:13-66
188
189        <provider
189-->[androidx.lifecycle:lifecycle-process:2.2.0] AndroidManifest.xml:25:9-29:43
190            android:name="androidx.lifecycle.ProcessLifecycleOwnerInitializer"
190-->[androidx.lifecycle:lifecycle-process:2.2.0] AndroidManifest.xml:26:13-79
191            android:authorities="com.example.memoryroadapp.lifecycle-process"
191-->[androidx.lifecycle:lifecycle-process:2.2.0] AndroidManifest.xml:27:13-69
192            android:exported="false"
192-->[androidx.lifecycle:lifecycle-process:2.2.0] AndroidManifest.xml:28:13-37
193            android:multiprocess="true" />
193-->[androidx.lifecycle:lifecycle-process:2.2.0] AndroidManifest.xml:29:13-40
194    </application>
195
196</manifest>